<?xml version="1.0" encoding="UTF-8"?>
<!-- Generated by org.testng.reporters.JUnitXMLReporter -->
<testsuite ignored="0" hostname="PC01_QA" failures="1" tests="1" name="SitioPrivadoSuite1" time="16.03" errors="0" timestamp="2022-06-22T11:07:03 CLT">
  <testcase classname="com.project.pom.test.Test_Registro" name="Login" time="14.85">
    <failure type="java.lang.AssertionError" message="did not expect [http://qa-login-banmedica.apps.ocpdev.banmedica.cl/login] but found [http://qa-login-banmedica.apps.ocpdev.banmedica.cl/login]">
      <![CDATA[java.lang.AssertionError: did not expect [http://qa-login-banmedica.apps.ocpdev.banmedica.cl/login] but found [http://qa-login-banmedica.apps.ocpdev.banmedica.cl/login]
at com.project.pom.test.Test_Registro.Login(Test_Registro.java:38)
at java.base/java.util.ArrayList.forEach(ArrayList.java:1511)
... Removed 32 stack frames]]>
    </failure>
  </testcase> <!-- Login -->
</testsuite> <!-- SitioPrivadoSuite1 -->
